<?xml version="1.0" encoding="UTF-8"?>
<testsuite name="com.jutudy.book.springboot.web.PostsApiControllerTest" tests="2" skipped="0" failures="0" errors="0" timestamp="2021-02-13T17:30:36" hostname="DESKTOP-VUS39TB" time="0.255">
  <properties/>
  <testcase name="Posts_등록된다" classname="com.jutudy.book.springboot.web.PostsApiControllerTest" time="0.182"/>
  <testcase name="Posts_수정된다" classname="com.jutudy.book.springboot.web.PostsApiControllerTest" time="0.072"/>
  <system-out><![CDATA[2021-02-14 02:30:36.389  INFO 36748 --- [    Test worker] .b.t.c.SpringBootTestContextBootstrapper : Neither @ContextConfiguration nor @ContextHierarchy found for test class [com.jutudy.book.springboot.web.PostsApiControllerTest], using SpringBootContextLoader
2021-02-14 02:30:36.393  INFO 36748 --- [    Test worker] o.s.t.c.support.AbstractContextLoader    : Could not detect default resource locations for test class [com.jutudy.book.springboot.web.PostsApiControllerTest]: no resource found for suffixes {-context.xml, Context.groovy}.
2021-02-14 02:30:36.393  INFO 36748 --- [    Test worker] t.c.s.AnnotationConfigContextLoaderUtils : Could not detect default configuration classes for test class [com.jutudy.book.springboot.web.PostsApiControllerTest]: PostsApiControllerTest does not declare any static, non-private, non-final, nested classes annotated with @Configuration.
2021-02-14 02:30:36.397  INFO 36748 --- [    Test worker] .b.t.c.SpringBootTestContextBootstrapper : Found @SpringBootConfiguration com.jutudy.book.springboot.Application for test class com.jutudy.book.springboot.web.PostsApiControllerTest
2021-02-14 02:30:36.400  INFO 36748 --- [    Test worker] .b.t.c.SpringBootTestContextBootstrapper : Loaded default TestExecutionListener class names from location [META-INF/spring.factories]: [org.springframework.security.test.context.support.WithSecurityContextTestExecutionListener, org.springframework.security.test.context.support.ReactorContextTestExecutionListener, org.springframework.boot.test.autoconfigure.restdocs.RestDocsTestExecutionListener, org.springframework.boot.test.autoconfigure.web.client.MockRestServiceServerResetTestExecutionListener, org.springframework.boot.test.autoconfigure.web.servlet.MockMvcPrintOnlyOnFailureTestExecutionListener, org.springframework.boot.test.autoconfigure.web.servlet.WebDriverTestExecutionListener, org.springframework.boot.test.mock.mockito.MockitoTestExecutionListener, org.springframework.boot.test.mock.mockito.ResetMocksTestExecutionListener, org.springframework.test.context.web.ServletTestExecutionListener, org.springframework.test.context.support.DirtiesContextBeforeModesTestExecutionListener, org.springframework.test.context.support.DependencyInjectionTestExecutionListener, org.springframework.test.context.support.DirtiesContextTestExecutionListener, org.springframework.test.context.transaction.TransactionalTestExecutionListener, org.springframework.test.context.jdbc.SqlScriptsTestExecutionListener]
2021-02-14 02:30:36.404  INFO 36748 --- [    Test worker] .b.t.c.SpringBootTestContextBootstrapper : Using TestExecutionListeners: [org.springframework.test.context.web.ServletTestExecutionListener@303f3c93, org.springframework.test.context.support.DirtiesContextBeforeModesTestExecutionListener@4a754bc8, org.springframework.boot.test.mock.mockito.MockitoTestExecutionListener@60f87996, org.springframework.boot.test.autoconfigure.SpringBootDependencyInjectionTestExecutionListener@31437676, org.springframework.test.context.support.DirtiesContextTestExecutionListener@78510f69, org.springframework.test.context.transaction.TransactionalTestExecutionListener@181a30a0, org.springframework.test.context.jdbc.SqlScriptsTestExecutionListener@3b0ddefc, org.springframework.security.test.context.support.WithSecurityContextTestExecutionListener@11d7ff2d, org.springframework.security.test.context.support.ReactorContextTestExecutionListener@618d8039, org.springframework.boot.test.autoconfigure.restdocs.RestDocsTestExecutionListener@285b3398, org.springframework.boot.test.autoconfigure.web.client.MockRestServiceServerResetTestExecutionListener@7d74e251, org.springframework.boot.test.autoconfigure.web.servlet.MockMvcPrintOnlyOnFailureTestExecutionListener@53745445, org.springframework.boot.test.autoconfigure.web.servlet.WebDriverTestExecutionListener@5e759a5a, org.springframework.boot.test.mock.mockito.ResetMocksTestExecutionListener@2fc3b5ff]
2021-02-14 02:30:36.423  INFO 36748 --- [    Test worker] o.a.c.c.C.[Tomcat].[localhost].[/]       : Initializing Spring TestDispatcherServlet ''
2021-02-14 02:30:36.424  INFO 36748 --- [    Test worker] o.s.t.web.servlet.TestDispatcherServlet  : Initializing Servlet ''
2021-02-14 02:30:36.429  INFO 36748 --- [    Test worker] o.s.t.web.servlet.TestDispatcherServlet  : Completed initialization in 5 ms
Hibernate: insert into posts (created_date, modified_date, author, content, title) values (?, ?, ?, ?, ?)
Hibernate: select posts0_.id as id1_0_, posts0_.created_date as created_2_0_, posts0_.modified_date as modified3_0_, posts0_.author as author4_0_, posts0_.content as content5_0_, posts0_.title as title6_0_ from posts posts0_
Hibernate: select posts0_.id as id1_0_, posts0_.created_date as created_2_0_, posts0_.modified_date as modified3_0_, posts0_.author as author4_0_, posts0_.content as content5_0_, posts0_.title as title6_0_ from posts posts0_
Hibernate: delete from posts where id=?
2021-02-14 02:30:36.602  INFO 36748 --- [    Test worker] o.a.c.c.C.[Tomcat].[localhost].[/]       : Initializing Spring TestDispatcherServlet ''
2021-02-14 02:30:36.602  INFO 36748 --- [    Test worker] o.s.t.web.servlet.TestDispatcherServlet  : Initializing Servlet ''
2021-02-14 02:30:36.609  INFO 36748 --- [    Test worker] o.s.t.web.servlet.TestDispatcherServlet  : Completed initialization in 6 ms
Hibernate: insert into posts (created_date, modified_date, author, content, title) values (?, ?, ?, ?, ?)
Hibernate: select posts0_.id as id1_0_0_, posts0_.created_date as created_2_0_0_, posts0_.modified_date as modified3_0_0_, posts0_.author as author4_0_0_, posts0_.content as content5_0_0_, posts0_.title as title6_0_0_ from posts posts0_ where posts0_.id=?
Hibernate: update posts set created_date=?, modified_date=?, author=?, content=?, title=? where id=?
Hibernate: select posts0_.id as id1_0_, posts0_.created_date as created_2_0_, posts0_.modified_date as modified3_0_, posts0_.author as author4_0_, posts0_.content as content5_0_, posts0_.title as title6_0_ from posts posts0_
Hibernate: select posts0_.id as id1_0_, posts0_.created_date as created_2_0_, posts0_.modified_date as modified3_0_, posts0_.author as author4_0_, posts0_.content as content5_0_, posts0_.title as title6_0_ from posts posts0_
Hibernate: delete from posts where id=?
]]></system-out>
  <system-err><![CDATA[]]></system-err>
</testsuite>
