<?xml version="1.0" encoding="UTF-8"?>
<testsuite name="com.jutudy.book.springboot.web.dto.HelloResponseDtoTest" tests="1" skipped="0" failures="0" errors="0" timestamp="2021-02-13T17:30:31" hostname="DESKTOP-VUS39TB" time="0.01">
  <properties/>
  <testcase name="testLombok" classname="com.jutudy.book.springboot.web.dto.HelloResponseDtoTest" time="0.01"/>
  <system-out><![CDATA[]]></system-out>
  <system-err><![CDATA[]]></system-err>
</testsuite>
